- 14:11:54.265 INFO: --------------------------------------------------------
- 14:11:54.265 INFO: Started application
- 14:11:54.265 INFO: Logging to: C:\Users\NANTENAINA\Desktop\Commune\phpdesktop-chrome-57.0-rc-php-7.1.3\debug.log
- 14:11:54.265 INFO: Log level = DEBUG4
- 14:11:54.265 INFO: Starting Mongoose 3.9c web server
- 14:11:54.265 INFO: WWW directory: C:\Users\NANTENAINA\Desktop\Commune\phpdesktop-chrome-57.0-rc-php-7.1.3\www
- 14:11:54.265 INFO: Index files: index.html,index.php
- 14:11:54.265 INFO: CGI interpreter: C:\Users\NANTENAINA\Desktop\Commune\phpdesktop-chrome-57.0-rc-php-7.1.3\php\php-cgi.exe
- 14:11:54.265 INFO: CGI pattern: **.php$
- 14:11:54.265 INFO: Hide files patterns: 
- 14:11:54.265 DEBUG: The temp directory returned by OS contains unicode characters: C:\Users\NANTEN~1\AppData\Local\Temp\
- 14:11:54.281 INFO: CGI environment variables set: TMP=C:\Windows\Temp,TEMP=C:\Windows\Temp,TMPDIR=C:\Windows\Temp,SERVER_NAME=127.0.0.1,PHPDESKTOP_VERSION=57.0
- 14:11:54.359 INFO: Web server url: http://127.0.0.1:64908/
- 14:11:54.359 INFO: remote_debugging_port = 58069
- 14:11:54.359 DEBUG: Command line string for the browser process: "C:\Users\NANTENAINA\Desktop\Commune\phpdesktop-chrome-57.0-rc-php-7.1.3\phpdesktop-chrome.exe" --no-sandbox --lang=en-US --log-file="C:\Users\NANTENAINA\Desktop\Commune\phpdesktop-chrome-57.0-rc-php-7.1.3\debug.log" --remote-debugging-port=58069
- 14:11:55.016 DEBUG: Command line string for the gpu-process process: "C:\Users\NANTENAINA\Desktop\Commune\phpdesktop-chrome-57.0-rc-php-7.1.3\phpdesktop-chrome.exe" --type=gpu-process --no-sandbox --lang=en-US --log-file="C:\Users\NANTENAINA\Desktop\Commune\phpdesktop-chrome-57.0-rc-php-7.1.3\debug.log" --disable-direct-composition --supports-dual-gpus=false --gpu-driver-bug-workarounds=7,10,18,19,20,23,26,41,74 --disable-gl-extensions="GL_KHR_blend_equation_advanced GL_KHR_blend_equation_advanced_coherent" --gpu-vendor-id=0x1002 --gpu-device-id=0x6760 --gpu-driver-vendor="Advanced Micro Devices, Inc." --gpu-driver-version=15.201.1301.0 --gpu-driver-date=8-19-2015 --lang=en-US --log-file="C:\Users\NANTENAINA\Desktop\Commune\phpdesktop-chrome-57.0-rc-php-7.1.3\debug.log" --service-request-channel-token=13FAA47E8F363424DF9B981162F8B04A --mojo-platform-channel-handle=1852 /prefetch:2
- 14:11:55.953 DEBUG: App::OnContextInitialized()
- 14:11:55.953 DEBUG: Window max width/height = 1286/680
- 14:11:55.969 DEBUG: GetBrowserWindow(): not found, hwnd = 1310950
- 14:11:55.969 DEBUG: WindowProc(): event WM_GETMINMAXINFO: could not fetch BrowserWindow
- 14:11:55.969 DEBUG: BrowserWindow::CreateBrowserControl()
- 14:11:55.969 DEBUG: StoreBrowserWindow(): hwnd = 1310950
- 14:11:56.094 DEBUG: ClientHandler::OnAfterCreated()
- 14:11:56.094 DEBUG: SetCefBrowser() called in ClientHandler::OnAfterCreated()
- 14:11:56.000 DEBUG: Command line string for the renderer process: "C:\Users\NANTENAINA\Desktop\Commune\phpdesktop-chrome-57.0-rc-php-7.1.3\phpdesktop-chrome.exe" --type=renderer --no-sandbox --primordial-pipe-token=E002F486FF0E64837EAD939A2EC5CC8C --lang=en-US --lang=en-US --log-file="C:\Users\NANTENAINA\Desktop\Commune\phpdesktop-chrome-57.0-rc-php-7.1.3\debug.log" --enable-pinch --device-scale-factor=1 --num-raster-threads=2 --enable-main-frame-before-activation --content-image-texture-target=0,0,3553;0,1,3553;0,2,3553;0,3,3553;0,4,3553;0,5,3553;0,6,3553;0,7,3553;0,8,3553;0,9,3553;0,10,3553;0,11,3553;0,12,3553;0,13,3553;0,14,3553;0,15,3553;1,0,3553;1,1,3553;1,2,3553;1,3,3553;1,4,3553;1,5,3553;1,6,3553;1,7,3553;1,8,3553;1,9,3553;1,10,3553;1,11,3553;1,12,3553;1,13,3553;1,14,3553;1,15,3553;2,0,3553;2,1,3553;2,2,3553;2,3,3553;2,4,3553;2,5,3553;2,6,3553;2,7,3553;2,8,3553;2,9,3553;2,10,3553;2,11,3553;2,12,3553;2,13,3553;2,14,3553;2,15,3553;3,0,3553;3,1,3553;3,2,3553;3,3,3553;3,4,3553;3,5,3553;3,6,3553;3,7,3553;3,8,3553;3,9,3553;3,10,3553;3,11,3553;3,12,3553;3,13,3553;3,14,3553;3,15,3553 --service-request-channel-token=E002F486FF0E64837EAD939A2EC5CC8C --renderer-client-id=3 --mojo-platform-channel-handle=2436 /prefetch:1
- 14:11:56.250 DEBUG: OnLoadingStateChange: loading=1, url=
- 14:11:56.141 DEBUG: OnBrowserCreated()
[0808/141158.328:ERROR:child_thread_impl.cc(762)] Request for unknown Channel-associated interface: ui::mojom::GpuMain
- 14:12:00.297 INFO: GET 200 /style.css
- 14:12:00.094 DEBUG: OnContextCreated()
- 14:12:01.531 INFO: GET 200 /
- 14:12:01.687 DEBUG: OnLoadingStateChange: loading=0, url=http://127.0.0.1:64908/
- 14:12:29.000 DEBUG: WM_DESTROY
- 14:12:29.000 DEBUG: RemoveBrowserWindow(): hwnd = 1310950
- 14:12:29.000 INFO: Stopping Mongoose web server
- 14:12:29.000 DEBUG: Mongoose webserver stopped immediately
- 14:12:29.015 DEBUG: OnBeforeClose() hwnd=526004
- 14:12:29.015 DEBUG: RemoveBrowserWindow(): hwnd = 526004
- 14:12:29.015 DEBUG: GetBrowserWindow(): not found, hwnd = 526004
- 14:12:29.015 WARNING: RemoveBrowserWindow() failed: GetBrowserWindow() failed
- 14:12:29.031 DEBUG: Calling CefQuitMessageLoop()
- 14:12:29.813 DEBUG: OnBrowserDestroyed()
- 14:12:29.234 INFO: Ended application
- 14:12:29.234 INFO: --------------------------------------------------------
